{"level":"info","message":"REQUEST GET Book and find all"}
{"level":"info","message":"REQUEST GET Book and find all"}
{"level":"info","message":"REQUEST GET Book by id = 627ab6f8ffdd7255c62a5cd3"}
{"level":"info","message":"REQUEST GET Book and find all"}
{"level":"info","message":"REQUEST GET Book and find all"}
{"level":"info","message":"REQUEST GET Book by id = 627ab6f8ffdd7255c62a5cd3"}
{"level":"info","message":"REQUEST GET Book and find all"}
{"level":"info","message":"REQUEST GET Book and find all"}
{"level":"info","message":"REQUEST GET Book by id = 627ab6f8ffdd7255c62a5cd3"}
{"level":"info","message":"REQUEST GET Book and find all"}
{"level":"info","message":"REQUEST GET Book and find all"}
{"level":"info","message":"REQUEST GET Book by id = 627ab6f8ffdd7255c62a5cd3"}
{"level":"info","message":"REQUEST GET Book and find all"}
{"level":"info","message":"REQUEST GET Book and find all"}
{"level":"info","message":"REQUEST GET Book by id = 627ab6f8ffdd7255c62a5cd3"}
{"level":"info","message":"REQUEST GET Book and find all"}
{"level":"info","message":"REQUEST GET Book and find all"}
{"level":"info","message":"REQUEST GET Book by id = 627ab6f8ffdd7255c62a5cd3"}
{"level":"info","message":"REQUEST GET Book and find all"}
{"level":"info","message":"REQUEST GET Book and find all"}
{"level":"info","message":"REQUEST GET Book by id = 627ab6f8ffdd7255c62a5cd3"}
{"level":"info","message":"REQUEST GET Book and find all"}
{"level":"info","message":"REQUEST GET Book and find all"}
{"level":"info","message":"REQUEST GET Book by id = 627ab6f8ffdd7255c62a5cd3"}
{"level":"info","message":"REQUEST GET Book and find all"}
{"level":"info","message":"REQUEST GET Book and find all"}
{"level":"info","message":"REQUEST GET Book by id = 627ab6f8ffdd7255c62a5cd3"}
{"level":"info","message":"REQUEST GET Book and find all"}
{"level":"info","message":"REQUEST GET Book and find all"}
{"level":"info","message":"REQUEST GET Book by id = 627ab6f8ffdd7255c62a5cd3"}
{"level":"info","message":"REQUEST GET Book and find all"}
{"level":"info","message":"REQUEST GET Book and find all"}
{"level":"info","message":"REQUEST GET Book by id = 627ab6f8ffdd7255c62a5cd3"}
{"level":"info","message":"REQUEST GET Book and find all"}
{"level":"info","message":"REQUEST GET Book and find all"}
{"level":"info","message":"REQUEST GET Book by id = 627ab6f8ffdd7255c62a5cd3"}
{"level":"info","message":"REQUEST GET Book and find all"}
{"level":"info","message":"REQUEST GET Book and find all"}
{"level":"info","message":"REQUEST GET Book by id = 627ab6f8ffdd7255c62a5cd3"}
{"level":"info","message":"REQUEST GET Book and find all"}
{"level":"info","message":"REQUEST GET Book and find all"}
{"level":"info","message":"REQUEST GET Book by id = 627ab6f8ffdd7255c62a5cd3"}
{"level":"info","message":"REQUEST GET Book and find all"}
{"level":"info","message":"REQUEST GET Book and find all"}
{"level":"info","message":"REQUEST GET Book by id = 627ab6f8ffdd7255c62a5cd3"}
{"level":"info","message":"REQUEST GET Book and find all"}
{"level":"info","message":"REQUEST GET Book and find all"}
{"level":"info","message":"REQUEST GET Book by id = 627ab6f8ffdd7255c62a5cd3"}
{"level":"info","message":"REQUEST GET Book and find all"}
{"level":"info","message":"REQUEST GET Book and find all"}
{"level":"info","message":"REQUEST GET Book by id = 6244aafb71628eef5b14e03f"}
{"level":"info","message":"REQUEST GET Book and find all"}
{"level":"info","message":"REQUEST GET Book and find all"}
{"level":"info","message":"REQUEST GET Book by id = 627ab6f8ffdd7255c62a5cd3"}
{"level":"info","message":"REQUEST GET Book and find all"}
{"level":"info","message":"REQUEST GET Book and find all"}
{"level":"info","message":"REQUEST GET Book by id = 627ab6f8ffdd7255c62a5cd3"}
{"level":"info","message":"REQUEST GET Book and find all"}
{"level":"info","message":"REQUEST GET Book and find all"}
{"level":"info","message":"REQUEST GET Book by id = 627ab6f8ffdd7255c62a5cd3"}
{"level":"info","message":"REQUEST GET Book and find all"}
{"level":"info","message":"REQUEST GET Book and find all"}
{"level":"info","message":"REQUEST GET Book by id = 627ab6f8ffdd7255c62a5cd3"}
{"level":"info","message":"REQUEST GET Book and find all"}
{"level":"info","message":"REQUEST GET Book and find all"}
{"level":"info","message":"REQUEST GET Book by id = 627ab6f8ffdd7255c62a5cd3"}
{"level":"info","message":"REQUEST GET Book and find all"}
{"level":"info","message":"REQUEST GET Book and find all"}
{"level":"info","message":"REQUEST GET Book by id = 627ab6f8ffdd7255c62a5cd3"}
{"level":"info","message":"REQUEST GET Book and find all"}
{"level":"info","message":"REQUEST GET Book and find all"}
{"level":"info","message":"REQUEST GET Book by id = 627ab6f8ffdd7255c62a5cd3"}
{"level":"info","message":"REQUEST GET Book and find all"}
{"level":"info","message":"REQUEST GET Book and find all"}
{"level":"info","message":"REQUEST GET Book by id = 627ab6f8ffdd7255c62a5cd3"}
{"level":"info","message":"REQUEST GET Book and find all"}
{"level":"info","message":"REQUEST GET Book and find all"}
{"level":"info","message":"REQUEST GET Book by id = 627ab6f8ffdd7255c62a5cd3"}
{"level":"info","message":"REQUEST GET Book and find all"}
{"level":"info","message":"REQUEST GET Book and find all"}
{"level":"info","message":"REQUEST GET Book by id = 6244aafb71628eef5b14e03f"}
{"level":"info","message":"REQUEST GET Book and find all"}
{"level":"info","message":"REQUEST GET Book and find all"}
{"level":"info","message":"REQUEST GET Book by id = 627ab6f8ffdd7255c62a5cd3"}
{"level":"info","message":"REQUEST GET Book and find all"}
{"level":"info","message":"REQUEST GET Book and find all"}
{"level":"info","message":"REQUEST GET User by id = 624f1be3c6427a89a3df8a74"}
{"level":"info","message":"REQUEST GET Book and find all"}
{"level":"info","message":"REQUEST GET reviews: {\n  _id: new ObjectId(\"6244aafb71628eef5b14e03f\"),\n  reviews: [\n    {\n      idReview: 'whatever1',\n      idUser: '40a50f20-a840-12fc-b909-0242ac120432',\n      pubDate: '2008-12-31 00:00:00',\n      description: 'Esto es una review sobre el quijote de un usuario',\n      rating: '3.5',\n      reports: [Array]\n    },\n    {\n      idReview: 'whatever2',\n      idUser: '40a50f20-a840-12fc-b909-0242ac120432',\n      pubDate: '2008-12-31 00:00:00',\n      description: 'Esto es la review 2 sobre el quijote de un usuario',\n      rating: '2.5',\n      reports: []\n    },\n    {\n      idReview: 'whatever3',\n      idUser: '40a50f20-a840-12fc-b909-0242ac120432',\n      pubDate: '2008-12-31 00:00:00',\n      description: 'Esto es la review 3 review sobre el quijote de un usuario',\n      rating: '4.5',\n      reports: [Array]\n    },\n    {\n      idUser: '624f1be3c6427a89a3df8a74',\n      description: 'Aburrido de cojones',\n      rating: '1',\n      idBook: new ObjectId(\"6244aafb71628eef5b14e03f\")\n    },\n    {\n      idReview: new ObjectId(\"627195f6eee5d6998b68532d\"),\n      idUser: '624f1be3c6427a89a3df8a74',\n      pubDate: '2008-12-31 00:00:00',\n      description: 'Perra',\n      rating: '1',\n      reports: [],\n      idBook: new ObjectId(\"6244aafb71628eef5b14e03f\")\n    }\n  ]\n}"}
{"level":"info","message":"REQUEST GET Book and find all"}
{"level":"info","message":"REQUEST GET Book and find all"}
{"level":"info","message":"REQUEST GET Book by id = 627ab6f8ffdd7255c62a5cd3"}
{"level":"info","message":"REQUEST GET Book and find all"}
{"level":"info","message":"REQUEST GET Book and find all"}
{"level":"info","message":"REQUEST GET Book by id = 627ab6f8ffdd7255c62a5cd3"}
{"level":"info","message":"REQUEST GET Book and find all"}
{"level":"info","message":"REQUEST GET Book and find all"}
{"level":"info","message":"REQUEST GET Book by id = 627ab6f8ffdd7255c62a5cd3"}
{"level":"info","message":"REQUEST GET Book and find all"}
{"level":"info","message":"REQUEST GET Book and find all"}
{"level":"info","message":"REQUEST GET Book by id = 627ab6f8ffdd7255c62a5cd3"}
{"level":"info","message":"REQUEST GET Book and find all"}
{"level":"info","message":"REQUEST GET Book and find all"}
{"level":"info","message":"REQUEST GET Book by id = 627ab6f8ffdd7255c62a5cd3"}
{"level":"info","message":"REQUEST GET Book and find all"}
{"level":"info","message":"REQUEST GET Book and find all"}
{"level":"info","message":"REQUEST GET Book by id = 627ab6f8ffdd7255c62a5cd3"}
{"level":"info","message":"REQUEST GET Book and find all"}
{"level":"info","message":"REQUEST GET Book and find all"}
{"level":"info","message":"REQUEST GET Book by id = 627ab6f8ffdd7255c62a5cd3"}
{"level":"info","message":"REQUEST GET Book and find all"}
{"level":"info","message":"REQUEST GET Book and find all"}
{"level":"info","message":"REQUEST GET Book by id = 627ab6f8ffdd7255c62a5cd3"}
{"level":"info","message":"REQUEST GET Book and find all"}
{"level":"info","message":"REQUEST GET Book and find all"}
{"level":"info","message":"REQUEST GET Book by name = a"}
{"level":"info","message":"REQUEST GET Book by name = as"}
{"level":"info","message":"REQUEST GET Book by name = asd"}
{"level":"info","message":"REQUEST GET Book by name = asdf"}
{"level":"info","message":"REQUEST GET Book by name = asd"}
{"level":"info","message":"REQUEST GET Book by name = as"}
{"level":"info","message":"REQUEST GET Book by name = a"}
{"level":"info","message":"REQUEST GET Book and find all"}
{"level":"info","message":"REQUEST GET Book and find all"}
{"level":"info","message":"REQUEST GET Book and find all"}
{"level":"info","message":"REQUEST GET Book by id = 627ab6f8ffdd7255c62a5cd3"}
{"level":"info","message":"REQUEST GET Book and find all"}
{"level":"info","message":"REQUEST GET Book and find all"}
{"level":"info","message":"REQUEST GET Book and find all"}
{"level":"info","message":"REQUEST GET Book and find all"}
{"level":"info","message":"REQUEST GET Book by id = 627ab6f8ffdd7255c62a5cd3"}
{"level":"info","message":"REQUEST GET Book and find all"}
{"level":"info","message":"REQUEST GET Book and find all"}
{"level":"info","message":"REQUEST GET Book and find all"}
{"level":"info","message":"REQUEST GET Book by id = 6244aafb71628eef5b14e03f"}
{"level":"info","message":"REQUEST GET Book and find all"}
{"level":"info","message":"REQUEST GET Book by id = 627ab6f8ffdd7255c62a5cd3"}
{"level":"info","message":"REQUEST GET Book and find all"}
{"level":"info","message":"REQUEST GET Book by id = 627ab6f8ffdd7255c62a5cd3"}
{"level":"info","message":"REQUEST GET Book and find all"}
{"level":"info","message":"REQUEST GET Book and find all"}
{"level":"info","message":"REQUEST GET Book and find all"}
{"level":"info","message":"REQUEST GET User and find all"}
{"level":"info","message":"REQUEST GET User and find all"}
{"level":"info","message":"REQUEST GET Book and find all"}
{"level":"info","message":"REQUEST GET Book and find all"}
{"level":"info","message":"REQUEST GET Book by id = 6244aafb71628eef5b14e03f"}
{"level":"info","message":"REQUEST GET Book and find all"}
{"level":"info","message":"REQUEST GET User and find all"}
{"level":"info","message":"REQUEST GET Book and find all"}
{"level":"info","message":"REQUEST GET Book and find all"}
{"level":"info","message":"REQUEST GET Book by id = 627ab6f8ffdd7255c62a5cd3"}
{"level":"info","message":"REQUEST GET User and find all"}
{"level":"info","message":"REQUEST GET Book and find all"}
{"level":"info","message":"REQUEST POST reviews: {\n  _id: new ObjectId(\"6244aafb71628eef5b14e03f\"),\n  name: 'Quijote',\n  ISBN: '9788408061052',\n  reviews: [\n    {\n      idReview: 'whatever1',\n      idUser: '40a50f20-a840-12fc-b909-0242ac120432',\n      pubDate: '2008-12-31 00:00:00',\n      description: 'Esto es una review sobre el quijote de un usuario',\n      rating: '3.5',\n      reports: [Array]\n    },\n    {\n      idReview: 'whatever2',\n      idUser: '40a50f20-a840-12fc-b909-0242ac120432',\n      pubDate: '2008-12-31 00:00:00',\n      description: 'Esto es la review 2 sobre el quijote de un usuario',\n      rating: '2.5',\n      reports: []\n    },\n    {\n      idReview: 'whatever3',\n      idUser: '40a50f20-a840-12fc-b909-0242ac120432',\n      pubDate: '2008-12-31 00:00:00',\n      description: 'Esto es la review 3 review sobre el quijote de un usuario',\n      rating: '4.5',\n      reports: [Array]\n    },\n    {\n      idUser: '624f1be3c6427a89a3df8a74',\n      description: 'Aburrido de cojones',\n      rating: '1'\n    },\n    {\n      idReview: new ObjectId(\"627195f6eee5d6998b68532d\"),\n      idUser: '624f1be3c6427a89a3df8a74',\n      pubDate: '2008-12-31 00:00:00',\n      description: 'Perra',\n      rating: '1',\n      reports: []\n    }\n  ]\n},{\n  _id: new ObjectId(\"627ab6f8ffdd7255c62a5cd3\"),\n  name: 'El imperio final',\n  ISBN: 'tus muertos',\n  reviews: [\n    {\n      idReview: new ObjectId(\"627d3e7a65980e88216b92c8\"),\n      idUser: '624f1be3c6427a89a3df8a74',\n      pubDate: '12/5/2022 19:5:50',\n      description: 'Carne',\n      rating: '3',\n      reports: []\n    }\n  ],\n  __v: 0\n}"}
{"level":"info","message":"REQUEST GET Book by id = 627ab6f8ffdd7255c62a5cd3"}
{"level":"info","message":"REQUEST GET Book by id = 627ab6f8ffdd7255c62a5cd3"}
{"level":"info","message":"REQUEST GET User and find all"}
{"level":"info","message":"REQUEST GET Book by id = 627ab6f8ffdd7255c62a5cd3"}
{"level":"info","message":"REQUEST GET Book and find all"}
{"level":"info","message":"REQUEST GET Book and find all"}
{"level":"info","message":"REQUEST GET Book and find all"}
{"level":"info","message":"REQUEST GET Book by id = 627ab6f8ffdd7255c62a5cd3"}
{"level":"info","message":"REQUEST GET User and find all"}
{"level":"info","message":"REQUEST GET Book and find all"}
{"level":"info","message":"REQUEST GET User by id = 624f1be3c6427a89a3df8a74"}
{"level":"info","message":"REQUEST GET Book and find all"}
{"level":"info","message":"REQUEST GET reviews: {\n  _id: new ObjectId(\"6244aafb71628eef5b14e03f\"),\n  reviews: [\n    {\n      idReview: 'whatever1',\n      idUser: '40a50f20-a840-12fc-b909-0242ac120432',\n      pubDate: '2008-12-31 00:00:00',\n      description: 'Esto es una review sobre el quijote de un usuario',\n      rating: '3.5',\n      reports: [Array]\n    },\n    {\n      idReview: 'whatever2',\n      idUser: '40a50f20-a840-12fc-b909-0242ac120432',\n      pubDate: '2008-12-31 00:00:00',\n      description: 'Esto es la review 2 sobre el quijote de un usuario',\n      rating: '2.5',\n      reports: []\n    },\n    {\n      idReview: 'whatever3',\n      idUser: '40a50f20-a840-12fc-b909-0242ac120432',\n      pubDate: '2008-12-31 00:00:00',\n      description: 'Esto es la review 3 review sobre el quijote de un usuario',\n      rating: '4.5',\n      reports: [Array]\n    },\n    {\n      idUser: '624f1be3c6427a89a3df8a74',\n      description: 'Aburrido de cojones',\n      rating: '1',\n      idBook: new ObjectId(\"6244aafb71628eef5b14e03f\")\n    },\n    {\n      idReview: new ObjectId(\"627195f6eee5d6998b68532d\"),\n      idUser: '624f1be3c6427a89a3df8a74',\n      pubDate: '2008-12-31 00:00:00',\n      description: 'Perra',\n      rating: '1',\n      reports: [],\n      idBook: new ObjectId(\"6244aafb71628eef5b14e03f\")\n    }\n  ]\n},{\n  _id: new ObjectId(\"627ab6f8ffdd7255c62a5cd3\"),\n  reviews: [\n    {\n      idReview: new ObjectId(\"627d3e7a65980e88216b92c8\"),\n      idUser: '624f1be3c6427a89a3df8a74',\n      pubDate: '12/5/2022 19:5:50',\n      description: 'Carne',\n      rating: '3',\n      reports: [],\n      idBook: new ObjectId(\"627ab6f8ffdd7255c62a5cd3\")\n    }\n  ]\n}"}
{"level":"info","message":"REQUEST GET Book and find all"}
{"level":"info","message":"REQUEST GET Book and find all"}
{"level":"info","message":"REQUEST GET Book and find all"}
{"level":"info","message":"REQUEST GET Book and find all"}
{"level":"info","message":"REQUEST GET User and find all"}
{"level":"info","message":"REQUEST GET Book and find all"}
{"level":"info","message":"REQUEST GET Book and find all"}
{"level":"info","message":"REQUEST GET User and find all"}
{"level":"info","message":"REQUEST GET Book and find all"}
{"level":"info","message":"REQUEST GET Request and find all"}
{"level":"info","message":"REQUEST GET User and find all"}
{"level":"info","message":"REQUEST GET Request and find all"}
{"level":"info","message":"REQUEST GET Book and find all"}
{"level":"info","message":"REQUEST GET Book and find all"}
{"level":"info","message":"REQUEST POST Request by name = afafafa de tres alas"}
{"level":"info","message":"REQUEST GET Book and find all"}
{"level":"info","message":"REQUEST GET Book and find all"}
{"level":"info","message":"REQUEST GET Request and find all"}
{"level":"info","message":"REQUEST GET Book and find all"}
{"level":"info","message":"REQUEST GET Request and find all"}
{"level":"info","message":"REQUEST GET User and find all"}
{"level":"info","message":"REQUEST GET Request and find all"}
{"level":"info","message":"REQUEST GET User and find all"}
{"level":"info","message":"REQUEST GET Request and find all"}
{"level":"info","message":"REQUEST GET Request and find all"}
{"level":"info","message":"REQUEST GET User and find all"}
{"level":"info","message":"REQUEST GET Book and find all"}
{"level":"info","message":"REQUEST GET Book and find all"}
{"level":"info","message":"REQUEST GET Book and find all"}
{"level":"info","message":"REQUEST GET Book and find all"}
{"level":"info","message":"REQUEST GET Book and find all"}
{"level":"info","message":"REQUEST GET Book and find all"}
{"level":"info","message":"REQUEST GET Book and find all"}
{"level":"info","message":"REQUEST GET Book and find all"}
{"level":"info","message":"REQUEST GET Book and find all"}
{"level":"info","message":"REQUEST GET User by id = 624f1be3c6427a89a3df8a74"}
{"level":"info","message":"REQUEST GET Book and find all"}
{"level":"info","message":"REQUEST GET reviews: {\n  _id: new ObjectId(\"6244aafb71628eef5b14e03f\"),\n  reviews: [\n    {\n      idReview: 'whatever1',\n      idUser: '40a50f20-a840-12fc-b909-0242ac120432',\n      pubDate: '2008-12-31 00:00:00',\n      description: 'Esto es una review sobre el quijote de un usuario',\n      rating: '3.5',\n      reports: [Array]\n    },\n    {\n      idReview: 'whatever2',\n      idUser: '40a50f20-a840-12fc-b909-0242ac120432',\n      pubDate: '2008-12-31 00:00:00',\n      description: 'Esto es la review 2 sobre el quijote de un usuario',\n      rating: '2.5',\n      reports: []\n    },\n    {\n      idReview: 'whatever3',\n      idUser: '40a50f20-a840-12fc-b909-0242ac120432',\n      pubDate: '2008-12-31 00:00:00',\n      description: 'Esto es la review 3 review sobre el quijote de un usuario',\n      rating: '4.5',\n      reports: [Array]\n    },\n    {\n      idUser: '624f1be3c6427a89a3df8a74',\n      description: 'Aburrido de cojones',\n      rating: '1',\n      idBook: new ObjectId(\"6244aafb71628eef5b14e03f\")\n    },\n    {\n      idReview: new ObjectId(\"627195f6eee5d6998b68532d\"),\n      idUser: '624f1be3c6427a89a3df8a74',\n      pubDate: '2008-12-31 00:00:00',\n      description: 'Perra',\n      rating: '1',\n      reports: [],\n      idBook: new ObjectId(\"6244aafb71628eef5b14e03f\")\n    }\n  ]\n},{\n  _id: new ObjectId(\"627ab6f8ffdd7255c62a5cd3\"),\n  reviews: [\n    {\n      idReview: new ObjectId(\"627d3e7a65980e88216b92c8\"),\n      idUser: '624f1be3c6427a89a3df8a74',\n      pubDate: '12/5/2022 19:5:50',\n      description: 'Carne',\n      rating: '3',\n      reports: [],\n      idBook: new ObjectId(\"627ab6f8ffdd7255c62a5cd3\")\n    }\n  ]\n}"}
{"level":"info","message":"REQUEST GET User by id = 624f1be3c6427a89a3df8a74"}
{"level":"info","message":"REQUEST GET reviews: {\n  _id: new ObjectId(\"6244aafb71628eef5b14e03f\"),\n  reviews: [\n    {\n      idReview: 'whatever1',\n      idUser: '40a50f20-a840-12fc-b909-0242ac120432',\n      pubDate: '2008-12-31 00:00:00',\n      description: 'Esto es una review sobre el quijote de un usuario',\n      rating: '3.5',\n      reports: [Array]\n    },\n    {\n      idReview: 'whatever2',\n      idUser: '40a50f20-a840-12fc-b909-0242ac120432',\n      pubDate: '2008-12-31 00:00:00',\n      description: 'Esto es la review 2 sobre el quijote de un usuario',\n      rating: '2.5',\n      reports: []\n    },\n    {\n      idReview: 'whatever3',\n      idUser: '40a50f20-a840-12fc-b909-0242ac120432',\n      pubDate: '2008-12-31 00:00:00',\n      description: 'Esto es la review 3 review sobre el quijote de un usuario',\n      rating: '4.5',\n      reports: [Array]\n    },\n    {\n      idUser: '624f1be3c6427a89a3df8a74',\n      description: 'Aburrido de cojones',\n      rating: '1',\n      idBook: new ObjectId(\"6244aafb71628eef5b14e03f\")\n    },\n    {\n      idReview: new ObjectId(\"627195f6eee5d6998b68532d\"),\n      idUser: '624f1be3c6427a89a3df8a74',\n      pubDate: '2008-12-31 00:00:00',\n      description: 'Perra',\n      rating: '1',\n      reports: [],\n      idBook: new ObjectId(\"6244aafb71628eef5b14e03f\")\n    }\n  ]\n},{\n  _id: new ObjectId(\"627ab6f8ffdd7255c62a5cd3\"),\n  reviews: [\n    {\n      idReview: new ObjectId(\"627d3e7a65980e88216b92c8\"),\n      idUser: '624f1be3c6427a89a3df8a74',\n      pubDate: '12/5/2022 19:5:50',\n      description: 'Carne',\n      rating: '3',\n      reports: [],\n      idBook: new ObjectId(\"627ab6f8ffdd7255c62a5cd3\")\n    }\n  ]\n}"}
{"level":"info","message":"REQUEST GET reviews: {\n  _id: new ObjectId(\"6244aafb71628eef5b14e03f\"),\n  reviews: [\n    {\n      idReview: 'whatever1',\n      idUser: '40a50f20-a840-12fc-b909-0242ac120432',\n      pubDate: '2008-12-31 00:00:00',\n      description: 'Esto es una review sobre el quijote de un usuario',\n      rating: '3.5',\n      reports: [Array]\n    },\n    {\n      idReview: 'whatever2',\n      idUser: '40a50f20-a840-12fc-b909-0242ac120432',\n      pubDate: '2008-12-31 00:00:00',\n      description: 'Esto es la review 2 sobre el quijote de un usuario',\n      rating: '2.5',\n      reports: []\n    },\n    {\n      idReview: 'whatever3',\n      idUser: '40a50f20-a840-12fc-b909-0242ac120432',\n      pubDate: '2008-12-31 00:00:00',\n      description: 'Esto es la review 3 review sobre el quijote de un usuario',\n      rating: '4.5',\n      reports: [Array]\n    },\n    {\n      idUser: '624f1be3c6427a89a3df8a74',\n      description: 'Aburrido de cojones',\n      rating: '1',\n      idBook: new ObjectId(\"6244aafb71628eef5b14e03f\")\n    },\n    {\n      idReview: new ObjectId(\"627195f6eee5d6998b68532d\"),\n      idUser: '624f1be3c6427a89a3df8a74',\n      pubDate: '2008-12-31 00:00:00',\n      description: 'Perra',\n      rating: '1',\n      reports: [],\n      idBook: new ObjectId(\"6244aafb71628eef5b14e03f\")\n    }\n  ]\n},{\n  _id: new ObjectId(\"627ab6f8ffdd7255c62a5cd3\"),\n  reviews: [\n    {\n      idReview: new ObjectId(\"627d3e7a65980e88216b92c8\"),\n      idUser: '624f1be3c6427a89a3df8a74',\n      pubDate: '12/5/2022 19:5:50',\n      description: 'Carne',\n      rating: '3',\n      reports: [],\n      idBook: new ObjectId(\"627ab6f8ffdd7255c62a5cd3\")\n    }\n  ]\n}"}
{"level":"info","message":"REQUEST GET Book and find all"}
{"level":"info","message":"REQUEST GET Book and find all"}
{"level":"info","message":"REQUEST GET Book and find all"}
{"level":"info","message":"REQUEST GET Book and find all"}
{"level":"info","message":"REQUEST GET Book and find all"}
{"level":"info","message":"REQUEST GET Book and find all"}
{"level":"info","message":"REQUEST GET Book and find all"}
{"level":"info","message":"REQUEST GET Book and find all"}
{"level":"info","message":"REQUEST GET Book by id = 627ab6f8ffdd7255c62a5cd3"}
{"level":"info","message":"REQUEST GET User and find all"}
{"level":"info","message":"REQUEST GET Book and find all"}
{"level":"info","message":"REQUEST GET User and find all"}
{"level":"info","message":"REQUEST GET Book by id = 627ab6f8ffdd7255c62a5cd3"}
{"level":"info","message":"REQUEST GET Book and find all"}
{"level":"info","message":"REQUEST GET Book and find all"}
{"level":"info","message":"REQUEST GET Book and find all"}
{"level":"info","message":"REQUEST GET Book and find all"}
{"level":"info","message":"REQUEST GET User by id = 6245cca38192d5d41e32d314"}
{"level":"info","message":"REQUEST GET Book and find all"}
{"level":"info","message":"REQUEST GET reviews: {\n  _id: new ObjectId(\"626ed6e5e6a0c2e757ef8527\"),\n  reviews: [\n    {\n      idReview: new ObjectId(\"627d2b8699b31251f7861657\"),\n      idUser: '6245cca38192d5d41e32d314',\n      pubDate: '12/5/2022 17:45:6',\n      description: 'asdf',\n      rating: '1',\n      reports: [],\n      idBook: new ObjectId(\"626ed6e5e6a0c2e757ef8527\")\n    },\n    {\n      idReview: new ObjectId(\"627d2bc999b31251f786166e\"),\n      idUser: '6245cca38192d5d41e32d314',\n      pubDate: '12/5/2022 17:46:11',\n      description: 'dsa',\n      rating: '5',\n      reports: [],\n      idBook: new ObjectId(\"626ed6e5e6a0c2e757ef8527\")\n    },\n    {\n      idReview: new ObjectId(\"627d2e4a12a2e9e15e7c114f\"),\n      idUser: '627d2e4612a2e9e15e7c1147',\n      pubDate: '12/5/2022 17:56:56',\n      description: 'asdfasdf',\n      rating: '1',\n      reports: []\n    }\n  ]\n}"}
{"level":"info","message":"REQUEST GET User by id = 6245cca38192d5d41e32d314"}
{"level":"info","message":"REQUEST GET reviews: {\n  _id: new ObjectId(\"626ed6e5e6a0c2e757ef8527\"),\n  reviews: [\n    {\n      idReview: new ObjectId(\"627d2b8699b31251f7861657\"),\n      idUser: '6245cca38192d5d41e32d314',\n      pubDate: '12/5/2022 17:45:6',\n      description: 'asdf',\n      rating: '1',\n      reports: [],\n      idBook: new ObjectId(\"626ed6e5e6a0c2e757ef8527\")\n    },\n    {\n      idReview: new ObjectId(\"627d2bc999b31251f786166e\"),\n      idUser: '6245cca38192d5d41e32d314',\n      pubDate: '12/5/2022 17:46:11',\n      description: 'dsa',\n      rating: '5',\n      reports: [],\n      idBook: new ObjectId(\"626ed6e5e6a0c2e757ef8527\")\n    },\n    {\n      idReview: new ObjectId(\"627d2e4a12a2e9e15e7c114f\"),\n      idUser: '627d2e4612a2e9e15e7c1147',\n      pubDate: '12/5/2022 17:56:56',\n      description: 'asdfasdf',\n      rating: '1',\n      reports: []\n    }\n  ]\n}"}
{"level":"info","message":"REQUEST GET Book and find all"}
{"level":"info","message":"REQUEST GET User by id = 6245cca38192d5d41e32d314"}
{"level":"info","message":"REQUEST GET reviews: {\n  _id: new ObjectId(\"626ed6e5e6a0c2e757ef8527\"),\n  reviews: [\n    {\n      idReview: new ObjectId(\"627d2b8699b31251f7861657\"),\n      idUser: '6245cca38192d5d41e32d314',\n      pubDate: '12/5/2022 17:45:6',\n      description: 'asdf',\n      rating: '1',\n      reports: [],\n      idBook: new ObjectId(\"626ed6e5e6a0c2e757ef8527\")\n    },\n    {\n      idReview: new ObjectId(\"627d2bc999b31251f786166e\"),\n      idUser: '6245cca38192d5d41e32d314',\n      pubDate: '12/5/2022 17:46:11',\n      description: 'dsa',\n      rating: '5',\n      reports: [],\n      idBook: new ObjectId(\"626ed6e5e6a0c2e757ef8527\")\n    },\n    {\n      idReview: new ObjectId(\"627d2e4a12a2e9e15e7c114f\"),\n      idUser: '627d2e4612a2e9e15e7c1147',\n      pubDate: '12/5/2022 17:56:56',\n      description: 'asdfasdf',\n      rating: '1',\n      reports: []\n    }\n  ]\n}"}
{"level":"info","message":"REQUEST GET Book and find all"}
{"level":"info","message":"REQUEST GET Book and find all"}
{"level":"info","message":"REQUEST GET Book and find all"}
{"level":"info","message":"REQUEST GET Book and find all"}
{"level":"info","message":"REQUEST GET Book and find all"}
{"level":"info","message":"REQUEST GET Book and find all"}
{"level":"info","message":"REQUEST GET Book and find all"}
{"level":"info","message":"REQUEST GET Book and find all"}
{"level":"info","message":"REQUEST GET Book and find all"}
{"level":"info","message":"REQUEST GET Book and find all"}
{"level":"info","message":"REQUEST GET Book and find all"}
{"level":"info","message":"REQUEST GET Book and find all"}
{"level":"info","message":"REQUEST GET Book and find all"}
{"level":"info","message":"REQUEST GET User by id = 6245cca38192d5d41e32d314"}
{"level":"info","message":"REQUEST GET reviews: {\n  _id: new ObjectId(\"626ed6e5e6a0c2e757ef8527\"),\n  reviews: [\n    {\n      idReview: new ObjectId(\"627d2b8699b31251f7861657\"),\n      idUser: '6245cca38192d5d41e32d314',\n      pubDate: '12/5/2022 17:45:6',\n      description: 'asdf',\n      rating: '1',\n      reports: [],\n      idBook: new ObjectId(\"626ed6e5e6a0c2e757ef8527\")\n    },\n    {\n      idReview: new ObjectId(\"627d2bc999b31251f786166e\"),\n      idUser: '6245cca38192d5d41e32d314',\n      pubDate: '12/5/2022 17:46:11',\n      description: 'dsa',\n      rating: '5',\n      reports: [],\n      idBook: new ObjectId(\"626ed6e5e6a0c2e757ef8527\")\n    },\n    {\n      idReview: new ObjectId(\"627d2e4a12a2e9e15e7c114f\"),\n      idUser: '627d2e4612a2e9e15e7c1147',\n      pubDate: '12/5/2022 17:56:56',\n      description: 'asdfasdf',\n      rating: '1',\n      reports: []\n    }\n  ]\n}"}
{"level":"info","message":"REQUEST GET Book and find all"}
{"level":"info","message":"REQUEST GET Book and find all"}
{"level":"info","message":"REQUEST GET Book and find all"}
{"level":"info","message":"REQUEST GET Book and find all"}
{"level":"info","message":"REQUEST GET Book and find all"}
{"level":"info","message":"REQUEST GET Book and find all"}
{"level":"info","message":"REQUEST GET Book and find all"}
{"level":"info","message":"REQUEST GET Book and find all"}
{"level":"info","message":"REQUEST GET Book and find all"}
{"level":"info","message":"REQUEST GET Book and find all"}
{"level":"info","message":"REQUEST GET Book and find all"}
{"level":"info","message":"REQUEST GET Book and find all"}
{"level":"info","message":"REQUEST GET Book and find all"}
{"level":"info","message":"REQUEST GET Book and find all"}
{"level":"info","message":"REQUEST GET Book and find all"}
{"level":"info","message":"REQUEST GET Book and find all"}
{"level":"info","message":"REQUEST GET Book and find all"}
{"level":"info","message":"REQUEST GET User and find all"}
{"level":"info","message":"REQUEST GET Book and find all"}
{"level":"info","message":"REQUEST GET Book and find all"}
{"level":"info","message":"REQUEST GET Book and find all"}
{"level":"info","message":"REQUEST GET Book and find all"}
{"level":"info","message":"REQUEST GET Book and find all"}
{"level":"info","message":"REQUEST GET Book and find all"}
{"level":"info","message":"REQUEST GET Book and find all"}
{"level":"info","message":"REQUEST GET Book and find all"}
{"level":"info","message":"REQUEST GET User and find all"}
{"level":"info","message":"REQUEST POST User by id = 627d4a9f12a2e9e15e7c119c"}
{"level":"info","message":"REQUEST GET User and find all"}
{"level":"info","message":"REQUEST GET Book and find all"}
{"level":"info","message":"REQUEST GET Book and find all"}
{"level":"info","message":"REQUEST GET Book and find all"}
{"level":"info","message":"REQUEST GET Book and find all"}
{"level":"info","message":"REQUEST GET Book and find all"}
{"level":"info","message":"REQUEST GET Book and find all"}
{"level":"info","message":"REQUEST GET Book and find all"}
{"level":"info","message":"REQUEST GET Book and find all"}
{"level":"info","message":"REQUEST GET User and find all"}
{"level":"info","message":"REQUEST POST User by id = 627d4a9f12a2e9e15e7c119c"}
{"level":"info","message":"REQUEST GET User and find all"}
{"level":"info","message":"REQUEST GET Book and find all"}
{"level":"info","message":"REQUEST GET Book and find all"}
{"level":"info","message":"REQUEST GET Book and find all"}
{"level":"info","message":"REQUEST GET Book and find all"}
{"level":"info","message":"REQUEST GET Book and find all"}
{"level":"info","message":"REQUEST GET Book and find all"}
{"level":"info","message":"REQUEST GET Book and find all"}
{"level":"info","message":"REQUEST GET Book and find all"}
{"level":"info","message":"REQUEST GET Book and find all"}
{"level":"info","message":"REQUEST GET Book and find all"}
{"level":"info","message":"REQUEST GET Book and find all"}
{"level":"info","message":"REQUEST GET User and find all"}
{"level":"info","message":"REQUEST POST User by id = 627d4adf12a2e9e15e7c11b9"}
{"level":"info","message":"REQUEST GET User and find all"}
{"level":"info","message":"REQUEST GET Book and find all"}
{"level":"info","message":"REQUEST GET Book and find all"}
{"level":"info","message":"REQUEST GET Book and find all"}
{"level":"info","message":"REQUEST GET Book and find all"}
{"level":"info","message":"REQUEST GET Book and find all"}
{"level":"info","message":"REQUEST GET Book and find all"}
{"level":"info","message":"REQUEST GET Book and find all"}
{"level":"info","message":"REQUEST GET Book and find all"}
{"level":"info","message":"REQUEST GET User and find all"}
{"level":"info","message":"REQUEST POST User by id = 627d4a9f12a2e9e15e7c119c"}
{"level":"info","message":"REQUEST GET User and find all"}
{"level":"info","message":"REQUEST GET Book and find all"}
{"level":"info","message":"REQUEST GET Book and find all"}
{"level":"info","message":"REQUEST GET Book and find all"}
{"level":"info","message":"REQUEST GET Book and find all"}
{"level":"info","message":"REQUEST GET Book and find all"}
{"level":"info","message":"REQUEST GET Book and find all"}
{"level":"info","message":"REQUEST GET Book and find all"}
{"level":"info","message":"REQUEST GET Book and find all"}
{"level":"info","message":"REQUEST GET Book and find all"}
{"level":"info","message":"REQUEST GET Book and find all"}
{"level":"info","message":"REQUEST GET Book and find all"}
{"level":"info","message":"REQUEST GET Book and find all"}
{"level":"info","message":"REQUEST GET Book and find all"}
{"level":"info","message":"REQUEST GET Book and find all"}
{"level":"info","message":"REQUEST GET Book and find all"}
{"level":"info","message":"REQUEST GET Book and find all"}
{"level":"info","message":"REQUEST GET Book and find all"}
{"level":"info","message":"REQUEST GET Book and find all"}
{"level":"info","message":"REQUEST GET Book and find all"}
